<?xml version="1.0" encoding="UTF-8"?>
<!-- Generated by org.testng.reporters.JUnitReportReporter -->
<testsuite skipped="0" hostname="ALGLTL00057" name="Jbegin" tests="1" failures="0" timestamp="08 Dec 2017 20:23:28 GMT" time="56.956" errors="0">
  <testcase name="loginTest" time="56.956" classname="Jbegin"/>
</testsuite> <!-- Jbegin -->
