<?xml version="1.0" encoding="UTF-8"?>
<!-- Generated by org.testng.reporters.JUnitReportReporter -->
<testsuite skipped="0" hostname="ALGLTL00057" name="FbPost_Selenium" tests="1" failures="0" timestamp="11 Dec 2017 13:54:12 GMT" time="26.170" errors="0">
  <testcase name="loginTest" time="26.170" classname="FbPost_Selenium"/>
</testsuite> <!-- FbPost_Selenium -->
